Build target 'STC32F12K'
compiling globals.c...
..\..\Libraries\seekfree_peripheral\headfile.h(62): error C318: can't open file 'straight.h'
..\..\Libraries\seekfree_peripheral\headfile.h(63): error C318: can't open file 'ring.h'
compiling isr.c...
..\..\Libraries\seekfree_peripheral\headfile.h(62): error C318: can't open file 'straight.h'
..\..\Libraries\seekfree_peripheral\headfile.h(63): error C318: can't open file 'ring.h'
compiling main.c...
..\..\Libraries\seekfree_peripheral\headfile.h(62): error C318: can't open file 'straight.h'
..\..\Libraries\seekfree_peripheral\headfile.h(63): error C318: can't open file 'ring.h'
compiling seekfree_assistant.c...
..\..\Libraries\seekfree_peripheral\headfile.h(62): error C318: can't open file 'straight.h'
..\..\Libraries\seekfree_peripheral\headfile.h(63): error C318: can't open file 'ring.h'
compiling seekfree_assistant_inface.c...
..\..\Libraries\seekfree_peripheral\headfile.h(62): error C318: can't open file 'straight.h'
..\..\Libraries\seekfree_peripheral\headfile.h(63): error C318: can't open file 'ring.h'
compiling drv8701_dual.c...
..\..\Libraries\seekfree_peripheral\headfile.h(62): error C318: can't open file 'straight.h'
..\..\Libraries\seekfree_peripheral\headfile.h(63): error C318: can't open file 'ring.h'
..\CODE\UserLibraries\drv8701_dual.c(81): error C67: 'motor_max_duty': undefined identifier
compiling servo.c...
..\..\Libraries\seekfree_peripheral\headfile.h(62): error C318: can't open file 'straight.h'
..\..\Libraries\seekfree_peripheral\headfile.h(63): error C318: can't open file 'ring.h'
..\CODE\UserLibraries\servo.c(44): error C67: 'Servo_Center': undefined identifier
..\CODE\UserLibraries\servo.c(58): error C67: 'Servo_Center': undefined identifier
..\CODE\UserLibraries\servo.c(59): error C67: 'Servo_MaxAngle': undefined identifier
..\CODE\UserLibraries\servo.c(61): error C67: 'Servo_MaxAngle': undefined identifier
..\CODE\UserLibraries\servo.c(63): error C67: 'Servo_MaxAngle': undefined identifier
..\CODE\UserLibraries\servo.c(65): error C67: 'Servo_MaxAngle': undefined identifier
compiling battery.c...
..\..\Libraries\seekfree_peripheral\headfile.h(62): error C318: can't open file 'straight.h'
..\..\Libraries\seekfree_peripheral\headfile.h(63): error C318: can't open file 'ring.h'
..\CODE\UserLibraries\battery.c(51): error C67: 'LOW_BATTERY_VOLTAGE': undefined identifier
..\CODE\UserLibraries\battery.c(54): error C67: 'ENABLE_LOW_BATTERY_PROTECTION': undefined identifier
..\CODE\UserLibraries\battery.c(62): error C67: 'BATTERY_GROUP_NUM': undefined identifier
..\CODE\UserLibraries\battery.c(63): error C67: 'LOW_BATTERY_VOLTAGE': undefined identifier
..\CODE\UserLibraries\battery.c(63): error C67: 'BATTERY_GROUP_NUM': undefined identifier
compiling encoder.c...
..\..\Libraries\seekfree_peripheral\headfile.h(62): error C318: can't open file 'straight.h'
..\..\Libraries\seekfree_peripheral\headfile.h(63): error C318: can't open file 'ring.h'
..\CODE\UserLibraries\encoder.c(49): error C67: 'encoder_time': undefined identifier
..\CODE\UserLibraries\encoder.c(49): warning C96: 'delay_ms': too few actual parameters
..\CODE\UserLibraries\encoder.c(73): error C67: 'encoder_time': undefined identifier
..\CODE\UserLibraries\encoder.c(73): warning C96: 'delay_ms': too few actual parameters
compiling line.c...
..\..\Libraries\seekfree_peripheral\headfile.h(62): error C318: can't open file 'straight.h'
..\..\Libraries\seekfree_peripheral\headfile.h(63): error C318: can't open file 'ring.h'
..\CODE\UserLibraries\line.c(48): error C25: syntax error near 'int'
..\CODE\UserLibraries\line.c(48): error C67: 'i': undefined identifier
..\CODE\UserLibraries\line.c(48): error C67: 'i': undefined identifier
..\CODE\UserLibraries\line.c(50): error C67: 'i': undefined identifier
..\CODE\UserLibraries\line.c(51): error C67: 'i': undefined identifier
..\CODE\UserLibraries\line.c(52): error C67: 'i': undefined identifier
..\CODE\UserLibraries\line.c(53): error C67: 'i': undefined identifier
..\CODE\UserLibraries\line.c(126): warning C173: '<': signed/unsigned type mismatch
..\CODE\UserLibraries\line.c(128): warning C173: '>': signed/unsigned type mismatch
..\CODE\UserLibraries\line.c(130): warning C173: '<': signed/unsigned type mismatch
..\CODE\UserLibraries\line.c(132): warning C173: '>': signed/unsigned type mismatch
..\CODE\UserLibraries\line.c(134): warning C173: '<': signed/unsigned type mismatch
..\CODE\UserLibraries\line.c(136): warning C173: '>': signed/unsigned type mismatch
..\CODE\UserLibraries\line.c(138): warning C173: '<': signed/unsigned type mismatch
..\CODE\UserLibraries\line.c(140): warning C173: '>': signed/unsigned type mismatch
..\CODE\UserLibraries\line.c(172): error C25: syntax error near 'int'
..\CODE\UserLibraries\line.c(172): error C67: 'i': undefined identifier
..\CODE\UserLibraries\line.c(172): error C67: 'i': undefined identifier
..\CODE\UserLibraries\line.c(173): error C67: 'i': undefined identifier
..\CODE\UserLibraries\line.c(173): error C25: syntax error near ';'
compiling straight.c...
..\CODE\Algorithms\straight.c(47): error C67: 'Servo_Center': undefined identifier
..\CODE\Algorithms\straight.c(118): warning C140: 'delay' undefined; assuming 'extern int delay()'
..\CODE\Algorithms\straight.c(118): warning C95: 'delay': too many actual parameters
..\CODE\Algorithms\straight.c(126): warning C95: 'delay': too many actual parameters
compiling ring.c...
Target not created.
Build Time Elapsed:  00:00:03
