C251 COMPILER V5.60.0,  isr                                                                18/11/24  20:07:00  PAGE 1   


C251 COMPILER V5.60.0, COMPILATION OF MODULE isr
OBJECT MODULE PLACED IN .\Out_File\isr.obj
COMPILER INVOKED BY: C:\Keil_v5\C251\BIN\C251.EXE ..\USER\src\isr.c XSMALL WARNINGLEVEL(3) OPTIMIZE(0,SPEED) BROWSE INCD
                    -IR(..\..\Libraries\libraries;..\..\Libraries\seekfree_libraries;..\..\Libraries\seekfree_peripheral;..\CODE;..\USER\inc;
                    -..\USER\src;..\..\Libraries\seekfree_components;..\CODE\UserLibraries;..\CODE\Algorithms) DEBUG PRINT(.\Out_File\isr.lst
                    -) TABS(2) OBJECT(.\Out_File\isr.obj) 

stmt  level    source

    1          ///******************************************************************************************************
             -***************
    2          // * COPYRIGHT NOTICE
    3          // * Copyright (c) 2020,逐飞科技
    4          // * All rights reserved.
    5          // * 技术讨论QQ群：一群：179029047(已满)  二群：244861897(已满)  三群：824575535
    6          // *
    7          // * 以下所有内容版权均属逐飞科技所有，未经允许不得用于商业用途，
    8          // * 欢迎各位使用并传播本程序，修改内容时必须保留逐飞科技的版权声明。
    9          // *
   10          // * @file          isr
   11          // * @company       成都逐飞科技有限公司
   12          // * @author        逐飞科技(QQ790875685)
   13          // * @version       查看doc内version文件 版本说明
   14          // * @Software      MDK FOR C251 V5.60
   15          // * @Target core   STC32F12K
   16          // * @Taobao        https://seekfree.taobao.com/
   17          // * @date          2020-4-14
   18          // ******************************************************************************************************
             -**************/
   19          #include "headfile.h"
   20          
   21          //UART1中断
   22          void UART1_Isr() interrupt 4
   23          {
   24   1          uint8 res;
   25   1        static uint8 dwon_count;
   26   1          if(UART1_GET_TX_FLAG)
   27   1          {
   28   2              UART1_CLEAR_TX_FLAG;
   29   2              busy[1] = 0;
   30   2          }
   31   1          if(UART1_GET_RX_FLAG)
   32   1          {
   33   2              UART1_CLEAR_RX_FLAG;
   34   2              res = SBUF;
   35   2              //程序自动下载
   36   2              if(res == 0x7F)
   37   2              {
   38   3                  if(dwon_count++ > 20)
   39   3                      IAP_CONTR = 0x60;
   40   3              }
   41   2              else
   42   2              {
   43   3                  dwon_count = 0;
   44   3              }
   45   2          }
   46   1      }
   47          
   48          //UART2中断
   49          void UART2_Isr() interrupt 8
   50          {
   51   1          if(UART2_GET_TX_FLAG)
   52   1        {
   53   2              UART2_CLEAR_TX_FLAG;
   54   2          busy[2] = 0;
C251 COMPILER V5.60.0,  isr                                                                18/11/24  20:07:00  PAGE 2   

   55   2        }
   56   1          if(UART2_GET_RX_FLAG)
   57   1        {
   58   2              UART2_CLEAR_RX_FLAG;
   59   2          //接收数据寄存器为：S2BUF
   60   2          if(wireless_type == WIRELESS_SI24R1)
   61   2              {
   62   3                  wireless_uart_callback();           //无线转串口回调函数
   63   3              }
   64   2              else if(wireless_type == WIRELESS_CH9141)
   65   2              {
   66   3                  bluetooth_ch9141_uart_callback();   //蓝牙转串口回调函数
   67   3              }
   68   2      
   69   2        }
   70   1      }
   71          
   72          
   73          //UART3中断
   74          void UART3_Isr() interrupt 17
   75          {
   76   1          if(UART3_GET_TX_FLAG)
   77   1        {
   78   2              UART3_CLEAR_TX_FLAG;
   79   2          busy[3] = 0;
   80   2        }
   81   1          if(UART3_GET_RX_FLAG)
   82   1        {
   83   2              UART3_CLEAR_RX_FLAG;
   84   2          //接收数据寄存器为：S3BUF
   85   2      
   86   2        }
   87   1      }
   88          
   89          
   90          //UART4中断
   91          void UART4_Isr() interrupt 18
   92          {
   93   1          if(UART4_GET_TX_FLAG)
   94   1        {
   95   2              UART4_CLEAR_TX_FLAG;
   96   2          busy[4] = 0;
   97   2        }
   98   1          if(UART4_GET_RX_FLAG)
   99   1        {
  100   2              UART4_CLEAR_RX_FLAG;
  101   2          //接收数据寄存器为：S4BUF;
  102   2          if(wireless_type == WIRELESS_SI24R1)
  103   2              {
  104   3                  wireless_uart_callback();           //无线转串口回调函数
  105   3              }
  106   2              else if(wireless_type == WIRELESS_CH9141)
  107   2              {
  108   3                  bluetooth_ch9141_uart_callback();   //蓝牙转串口回调函数
  109   3              }
  110   2        }
  111   1      }
  112          
  113          #define LED P52
  114          void INT0_Isr() interrupt 0
  115          {
  116   1        LED = 0;  //点亮LED
  117   1      }
  118          void INT1_Isr() interrupt 2
  119          {
  120   1      
C251 COMPILER V5.60.0,  isr                                                                18/11/24  20:07:00  PAGE 3   

  121   1      }
  122          void INT2_Isr() interrupt 10
  123          {
  124   1        INT2_CLEAR_FLAG;  //清除中断标志
  125   1      }
  126          void INT3_Isr() interrupt 11
  127          {
  128   1        INT3_CLEAR_FLAG;  //清除中断标志
  129   1      }
  130          
  131          void INT4_Isr() interrupt 16
  132          {
  133   1        INT4_CLEAR_FLAG;  //清除中断标志
  134   1      }
  135          
  136          void TM0_Isr() interrupt 1
  137          {
  138   1      
  139   1      }
  140          void TM1_Isr() interrupt 3
  141          {
  142   1      
  143   1      }
  144          void TM2_Isr() interrupt 12
  145          {
  146   1        TIM2_CLEAR_FLAG;  //清除中断标志
  147   1        
  148   1      }
  149          void TM3_Isr() interrupt 19
  150          {
  151   1        TIM3_CLEAR_FLAG; //清除中断标志
  152   1        
  153   1      }
  154          extern void pit_callback(void);
  155          void TM4_Isr() interrupt 20
  156          {
  157   1        TIM4_CLEAR_FLAG; //清除中断标志
  158   1      //  ccd_collect();   //CCD采集数据
  159   1      
  160   1      }
  161          
  162          //void  INT0_Isr()  interrupt 0;
  163          //void  TM0_Isr()   interrupt 1;
  164          //void  INT1_Isr()  interrupt 2;
  165          //void  TM1_Isr()   interrupt 3;
  166          //void  UART1_Isr() interrupt 4;
  167          //void  ADC_Isr()   interrupt 5;
  168          //void  LVD_Isr()   interrupt 6;
  169          //void  PCA_Isr()   interrupt 7;
  170          //void  UART2_Isr() interrupt 8;
  171          //void  SPI_Isr()   interrupt 9;
  172          //void  INT2_Isr()  interrupt 10;
  173          //void  INT3_Isr()  interrupt 11;
  174          //void  TM2_Isr()   interrupt 12;
  175          //void  INT4_Isr()  interrupt 16;
  176          //void  UART3_Isr() interrupt 17;
  177          //void  UART4_Isr() interrupt 18;
  178          //void  TM3_Isr()   interrupt 19;
  179          //void  TM4_Isr()   interrupt 20;
  180          //void  CMP_Isr()   interrupt 21;
  181          //void  I2C_Isr()   interrupt 24;
  182          //void  USB_Isr()   interrupt 25;
  183          //void  PWM1_Isr()  interrupt 26;
  184          //void  PWM2_Isr()  interrupt 27;


C251 COMPILER V5.60.0,  isr                                                                18/11/24  20:07:00  PAGE 4   

Module Information          Static   Overlayable
------------------------------------------------
  code size            =       353     ------
  ecode size           =    ------     ------
  data size            =    ------     ------
  idata size           =    ------     ------
  pdata size           =    ------     ------
  xdata size           =    ------     ------
  xdata-const size     =    ------     ------
  edata size           =         2     ------
  bit size             =    ------     ------
  ebit size            =    ------     ------
  bitaddressable size  =    ------     ------
  ebitaddressable size =    ------     ------
  far data size        =    ------     ------
  huge data size       =    ------     ------
  const size           =    ------     ------
  hconst size          =    ------     ------
End of Module Information.


C251 COMPILATION COMPLETE.  0 WARNING(S),  0 ERROR(S)
