C251 COMPILER V5.60.0,  main                                                               01/11/24  21:35:43  PAGE 1   


C251 COMPILER V5.60.0, COMPILATION OF MODULE main
OBJECT MODULE PLACED IN .\Out_File\main.obj
COMPILER INVOKED BY: C:\Keil_v5\C251\BIN\C251.EXE ..\USER\src\main.c XSMALL WARNINGLEVEL(3) OPTIMIZE(0,SPEED) BROWSE INC
                    -DIR(..\..\Libraries\libraries;..\..\Libraries\seekfree_libraries;..\..\Libraries\seekfree_peripheral;..\CODE;..\USER\inc
                    -;..\USER\src;..\..\Libraries\seekfree_components;..\CODE\UserLibraries) DEBUG PRINT(.\Out_File\main.lst) TABS(2) OBJECT(
                    -.\Out_File\main.obj) 

stmt  level    source

    1          /********************************************************************************************************
             -*************
    2           * COPYRIGHT NOTICE
    3           * Copyright (c) 2020,逐飞科技
    4           * All rights reserved.
    5           * 技术讨论QQ群：一群：179029047(已满)  二群：244861897(已满)  三群：824575535
    6           *
    7           * 以下所有内容版权均属逐飞科技所有，未经允许不得用于商业用途，
    8           * 欢迎各位使用并传播本程序，修改内容时必须保留逐飞科技的版权声明。
    9           *
   10           * @file          main
   11           * @company       成都逐飞科技有限公司
   12           * @author        逐飞科技(QQ790875685)
   13           * @version       查看doc内version文件 版本说明
   14           * @Software    MDK FOR C251 V5.60
   15           * @Target core   STC32
   16           * @Taobao      https://seekfree.taobao.com/
   17           * @date          2023-07-27
   18          
   19           ********************************************************************************************************
             -************/
   20          #include "headfile.h"
   21          
   22          // 关于内核频率的设定，可以查看board.h文件
   23          // 在board_init中,已经将P54引脚设置为复位
   24          // 如果需要使用P54引脚,可以在board.c文件中的board_init()函数中删除SET_P54_RESRT即可
   25          
   26          void main()
   27          {
   28   1        clock_init(SYSTEM_CLOCK_52M); // 初始化系统频率,勿删除此句代码。
   29   1        board_init();         // 初始化寄存器,勿删除此句代码。
   30   1      
   31   1          // 此处编写用户代码 例如外设初始化代码等
   32   1          ips200_init_spi();
   33   1          // 此处编写用户代码 例如外设初始化代码等
   34   1      
   35   1          while(1)
   36   1          {
   37   2          // 此处编写需要循环执行的代码
   38   2          
   39   2              // 此处编写需要循环执行的代码
   40   2          }
   41   1      }
   42          
   43          
   44          


Module Information          Static   Overlayable
------------------------------------------------
  code size            =        20     ------
  ecode size           =    ------     ------
  data size            =    ------     ------
  idata size           =    ------     ------
  pdata size           =    ------     ------
  xdata size           =    ------     ------
  xdata-const size     =    ------     ------
C251 COMPILER V5.60.0,  main                                                               01/11/24  21:35:43  PAGE 2   

  edata size           =    ------     ------
  bit size             =    ------     ------
  ebit size            =    ------     ------
  bitaddressable size  =    ------     ------
  ebitaddressable size =    ------     ------
  far data size        =    ------     ------
  huge data size       =    ------     ------
  const size           =    ------     ------
  hconst size          =    ------     ------
End of Module Information.


C251 COMPILATION COMPLETE.  0 WARNING(S),  0 ERROR(S)
